<?xml version="1.0" encoding="UTF-8"?>
<!-- Generated by org.testng.reporters.JUnitReportReporter -->
<testsuite hostname="Asus" failures="0" tests="1" name="TestCases.test" time="3.579" errors="0" timestamp="2024-08-25T12:59:29 IST" skipped="0">
  <testcase classname="TestCases.test" name="lounch" time="3.579"/>
</testsuite> <!-- TestCases.test -->
