<?xml version="1.0" encoding="UTF-8"?>
<!-- Generated by org.testng.reporters.JUnitReportReporter -->
<testsuite hostname="Asus" failures="0" tests="1" name="TestCases.DashBoardPageTestCases" time="2.494" errors="0" timestamp="2024-09-21T10:32:03 IST" skipped="0">
  <testcase classname="TestCases.DashBoardPageTestCases" name="searchTest" time="2.494"/>
</testsuite> <!-- TestCases.DashBoardPageTestCases -->
