<?xml version="1.0" encoding="UTF-8"?>
<!-- Generated by org.testng.reporters.JUnitReportReporter -->
<testsuite hostname="Asus" failures="0" tests="1" name="TestCases.OptionPageTestCases" time="2.076" errors="0" timestamp="2024-09-20T13:24:54 IST" skipped="0">
  <testcase classname="TestCases.OptionPageTestCases" name="changeDectionaryLanguageTest" time="2.076"/>
</testsuite> <!-- TestCases.OptionPageTestCases -->
