<?xml version="1.0" encoding="UTF-8"?>
<!-- Generated by org.testng.reporters.JUnitReportReporter -->
<testsuite hostname="Asus" failures="0" tests="2" name="TestCases.OptionPageTestCases" time="3.648" errors="0" timestamp="2024-08-29T15:07:26 IST" skipped="0">
  <testcase classname="TestCases.OptionPageTestCases" name="optionsPageLogoVerifcationTest" time="1.530"/>
  <testcase classname="TestCases.OptionPageTestCases" name="optionPageHeaderTitleVerifcationTest" time="2.118"/>
</testsuite> <!-- TestCases.OptionPageTestCases -->
